\BOOKMARK [1][-]{section.1}{\376\377\000P\000A\000R\000T\000I\000E\000S}{}% 1
\BOOKMARK [1][-]{section.2}{\376\377\000P\000U\000R\000P\000O\000S\000E\000\040\000A\000N\000D\000\040\000S\000C\000O\000P\000E}{}% 2
\BOOKMARK [1][-]{section.3}{\376\377\000C\000O\000N\000F\000I\000D\000E\000N\000T\000I\000A\000L\000\040\000I\000N\000F\000O\000R\000M\000A\000T\000I\000O\000N}{}% 3
\BOOKMARK [2][-]{subsection.3.1}{\376\377\000T\000e\000c\000h\000n\000i\000c\000a\000l\000\040\000I\000n\000f\000o\000r\000m\000a\000t\000i\000o\000n}{section.3}% 4
\BOOKMARK [2][-]{subsection.3.2}{\376\377\000B\000u\000s\000i\000n\000e\000s\000s\000\040\000I\000n\000f\000o\000r\000m\000a\000t\000i\000o\000n}{section.3}% 5
\BOOKMARK [2][-]{subsection.3.3}{\376\377\000P\000r\000o\000p\000r\000i\000e\000t\000a\000r\000y\000\040\000P\000r\000o\000c\000e\000s\000s\000e\000s}{section.3}% 6
\BOOKMARK [1][-]{section.4}{\376\377\000O\000B\000L\000I\000G\000A\000T\000I\000O\000N\000S\000\040\000O\000F\000\040\000R\000E\000C\000E\000I\000V\000I\000N\000G\000\040\000P\000A\000R\000T\000Y}{}% 7
\BOOKMARK [2][-]{subsection.4.1}{\376\377\000C\000o\000n\000f\000i\000d\000e\000n\000t\000i\000a\000l\000i\000t\000y\000\040\000O\000b\000l\000i\000g\000a\000t\000i\000o\000n\000s}{section.4}% 8
\BOOKMARK [2][-]{subsection.4.2}{\376\377\000S\000p\000e\000c\000i\000f\000i\000c\000\040\000R\000e\000s\000t\000r\000i\000c\000t\000i\000o\000n\000s}{section.4}% 9
\BOOKMARK [1][-]{section.5}{\376\377\000E\000X\000C\000E\000P\000T\000I\000O\000N\000S}{}% 10
\BOOKMARK [1][-]{section.6}{\376\377\000T\000E\000R\000M\000\040\000A\000N\000D\000\040\000T\000E\000R\000M\000I\000N\000A\000T\000I\000O\000N}{}% 11
\BOOKMARK [2][-]{subsection.6.1}{\376\377\000D\000u\000r\000a\000t\000i\000o\000n}{section.6}% 12
\BOOKMARK [2][-]{subsection.6.2}{\376\377\000S\000u\000r\000v\000i\000v\000a\000l}{section.6}% 13
\BOOKMARK [2][-]{subsection.6.3}{\376\377\000R\000e\000t\000u\000r\000n\000\040\000o\000f\000\040\000I\000n\000f\000o\000r\000m\000a\000t\000i\000o\000n}{section.6}% 14
\BOOKMARK [1][-]{section.7}{\376\377\000R\000E\000M\000E\000D\000I\000E\000S}{}% 15
\BOOKMARK [2][-]{subsection.7.1}{\376\377\000I\000r\000r\000e\000p\000a\000r\000a\000b\000l\000e\000\040\000H\000a\000r\000m}{section.7}% 16
\BOOKMARK [2][-]{subsection.7.2}{\376\377\000E\000q\000u\000i\000t\000a\000b\000l\000e\000\040\000R\000e\000l\000i\000e\000f}{section.7}% 17
\BOOKMARK [2][-]{subsection.7.3}{\376\377\000D\000a\000m\000a\000g\000e\000s}{section.7}% 18
\BOOKMARK [1][-]{section.8}{\376\377\000G\000E\000N\000E\000R\000A\000L\000\040\000P\000R\000O\000V\000I\000S\000I\000O\000N\000S}{}% 19
\BOOKMARK [2][-]{subsection.8.1}{\376\377\000G\000o\000v\000e\000r\000n\000i\000n\000g\000\040\000L\000a\000w}{section.8}% 20
\BOOKMARK [2][-]{subsection.8.2}{\376\377\000J\000u\000r\000i\000s\000d\000i\000c\000t\000i\000o\000n}{section.8}% 21
\BOOKMARK [2][-]{subsection.8.3}{\376\377\000E\000n\000t\000i\000r\000e\000\040\000A\000g\000r\000e\000e\000m\000e\000n\000t}{section.8}% 22
\BOOKMARK [2][-]{subsection.8.4}{\376\377\000A\000m\000e\000n\000d\000m\000e\000n\000t}{section.8}% 23
\BOOKMARK [2][-]{subsection.8.5}{\376\377\000S\000e\000v\000e\000r\000a\000b\000i\000l\000i\000t\000y}{section.8}% 24
\BOOKMARK [2][-]{subsection.8.6}{\376\377\000A\000s\000s\000i\000g\000n\000m\000e\000n\000t}{section.8}% 25
\BOOKMARK [2][-]{subsection.8.7}{\376\377\000W\000a\000i\000v\000e\000r}{section.8}% 26
\BOOKMARK [1][-]{section.9}{\376\377\000T\000E\000C\000H\000N\000O\000L\000O\000G\000Y\000-\000S\000P\000E\000C\000I\000F\000I\000C\000\040\000P\000R\000O\000V\000I\000S\000I\000O\000N\000S}{}% 27
\BOOKMARK [2][-]{subsection.9.1}{\376\377\000D\000e\000n\000o\000G\000e\000n\000e\000s\000i\000s\000\040\000F\000r\000a\000m\000e\000w\000o\000r\000k\000\040\000P\000r\000o\000t\000e\000c\000t\000i\000o\000n}{section.9}% 28
\BOOKMARK [2][-]{subsection.9.2}{\376\377\000B\000u\000s\000i\000n\000e\000s\000s\000\040\000M\000o\000d\000e\000l\000\040\000C\000o\000n\000f\000i\000d\000e\000n\000t\000i\000a\000l\000i\000t\000y}{section.9}% 29
\BOOKMARK [1][-]{section.10}{\376\377\000A\000C\000K\000N\000O\000W\000L\000E\000D\000G\000M\000E\000N\000T\000\040\000A\000N\000D\000\040\000S\000I\000G\000N\000A\000T\000U\000R\000E\000S}{}% 30
\BOOKMARK [1][-]{section.11}{\376\377\000W\000I\000T\000N\000E\000S\000S\000\040\000\050\000O\000p\000t\000i\000o\000n\000a\000l\000\051}{}% 31
